2025-11-06 18:53:22,687 [INFO] === ✅ 전역 로거 설정 완료 ===
2025-11-06 18:53:22,688 [INFO] 테스트 시작
2025-11-06 18:53:23,690 [DEBUG] 중간 단계: sleep 완료
2025-11-06 18:53:23,691 [WARNING] 경고 메시지 예시
2025-11-06 18:53:23,691 [ERROR] 에러 메시지 예시
2025-11-06 18:53:23,692 [INFO] 테스트 종료
2025-11-06 18:53:23,701 [DEBUG] Selenium Manager binary found at: C:\Users\강해리\team2_project\venv\Lib\site-packages\selenium\webdriver\common\windows\selenium-manager.exe
2025-11-06 18:53:23,702 [DEBUG] Executing process: C:\Users\강해리\team2_project\venv\Lib\site-packages\selenium\webdriver\common\windows\selenium-manager.exe --browser chrome --debug --language-binding python --output json
2025-11-06 18:53:24,854 [DEBUG] Sending stats to Plausible: Props { browser: "chrome", browser_version: "", os: "windows", arch: "x86_64", lang: "python", selenium_version: "4.38" }
2025-11-06 18:53:24,860 [DEBUG] chromedriver not found in PATH
2025-11-06 18:53:24,861 [DEBUG] chrome detected at C:\Program Files\Google\Chrome\Application\chrome.exe
2025-11-06 18:53:24,862 [DEBUG] Detected browser: chrome 141.0.7390.125
2025-11-06 18:53:24,863 [DEBUG] Discovering versions from https://googlechromelabs.github.io/chrome-for-testing/known-good-versions-with-downloads.json
2025-11-06 18:53:24,865 [DEBUG] Required driver: chromedriver 141.0.7390.122
2025-11-06 18:53:24,866 [DEBUG] chromedriver 141.0.7390.122 already in the cache
2025-11-06 18:53:24,868 [DEBUG] Driver path: C:\Users\강해리\.cache\selenium\chromedriver\win64\141.0.7390.122\chromedriver.exe
2025-11-06 18:53:24,870 [DEBUG] Browser path: C:\Program Files\Google\Chrome\Application\chrome.exe
2025-11-06 18:53:25,119 [DEBUG] Started executable: `C:\Users\강해리\.cache\selenium\chromedriver\win64\141.0.7390.122\chromedriver.exe` in a child process with pid: 26852 using 0 to output -3
2025-11-06 18:53:25,692 [DEBUG] POST http://localhost:60902/session {'capabilities': {'firstMatch': [{}], 'alwaysMatch': {'browserName': 'chrome', 'pageLoadStrategy': <PageLoadStrategy.normal: 'normal'>, 'browserVersion': None, 'goog:chromeOptions': {'extensions': [], 'binary': 'C:\\Program Files\\Google\\Chrome\\Application\\chrome.exe', 'args': []}}}}
2025-11-06 18:53:25,693 [DEBUG] Starting new HTTP connection (1): localhost:60902
2025-11-06 18:53:27,917 [DEBUG] http://localhost:60902 "POST /session HTTP/1.1" 200 0
2025-11-06 18:53:27,919 [DEBUG] Remote response: status=200 | data={"value":{"capabilities":{"acceptInsecureCerts":false,"browserName":"chrome","browserVersion":"141.0.7390.125","chrome":{"chromedriverVersion":"141.0.7390.122 (b477534e7e10d193e916cd4e2967c589383625b2-refs/branch-heads/7390@{#2667})","userDataDir":"C:\\Users\\강해리\\AppData\\Local\\Temp\\scoped_dir26852_1712261316"},"fedcm:accounts":true,"goog:chromeOptions":{"debuggerAddress":"localhost:60910"},"networkConnectionEnabled":false,"pageLoadStrategy":"normal","platformName":"windows","proxy":{},"setWindowRect":true,"strictFileInteractability":false,"timeouts":{"implicit":0,"pageLoad":300000,"script":30000},"unhandledPromptBehavior":"dismiss and notify","webauthn:extension:credBlob":true,"webauthn:extension:largeBlob":true,"webauthn:extension:minPinLength":true,"webauthn:extension:prf":true,"webauthn:virtualAuthenticators":true},"sessionId":"f14bffcbf3f31e329829a829ebedc8a8"}} | headers=HTTPHeaderDict({'Content-Length': '888', 'Content-Type': 'application/json; charset=utf-8', 'cache-control': 'no-cache'})
2025-11-06 18:53:27,930 [DEBUG] Finished Request
2025-11-06 18:53:27,931 [DEBUG] POST http://localhost:60902/session/f14bffcbf3f31e329829a829ebedc8a8/window/maximize {}
2025-11-06 18:53:28,349 [DEBUG] http://localhost:60902 "POST /session/f14bffcbf3f31e329829a829ebedc8a8/window/maximize HTTP/1.1" 200 0
2025-11-06 18:53:28,374 [DEBUG] Remote response: status=200 | data={"value":{"height":688,"width":1296,"x":-8,"y":-8}} | headers=HTTPHeaderDict({'Content-Length': '51', 'Content-Type': 'application/json; charset=utf-8', 'cache-control': 'no-cache'})
2025-11-06 18:53:28,378 [DEBUG] Finished Request
2025-11-06 18:53:28,382 [DEBUG] POST http://localhost:60902/session/f14bffcbf3f31e329829a829ebedc8a8/timeouts {'implicit': 5000}
2025-11-06 18:53:28,520 [DEBUG] http://localhost:60902 "POST /session/f14bffcbf3f31e329829a829ebedc8a8/timeouts HTTP/1.1" 200 0
2025-11-06 18:53:28,531 [DEBUG] Remote response: status=200 | data={"value":null} | headers=HTTPHeaderDict({'Content-Length': '14', 'Content-Type': 'application/json; charset=utf-8', 'cache-control': 'no-cache'})
2025-11-06 18:53:28,542 [DEBUG] Finished Request
2025-11-06 18:53:28,585 [DEBUG] POST http://localhost:60902/session/f14bffcbf3f31e329829a829ebedc8a8/url {'url': 'https://accounts.elice.io/accounts/signin/me?continue_to=https%3A%2F%2Fqatrack.elice.io%2Fai-helpy-c...'}
2025-11-06 18:53:30,800 [DEBUG] http://localhost:60902 "POST /session/f14bffcbf3f31e329829a829ebedc8a8/url HTTP/1.1" 200 0
2025-11-06 18:53:30,804 [DEBUG] Remote response: status=200 | data={"value":null} | headers=HTTPHeaderDict({'Content-Length': '14', 'Content-Type': 'application/json; charset=utf-8', 'cache-control': 'no-cache'})
2025-11-06 18:53:30,916 [DEBUG] Finished Request
2025-11-06 18:53:30,950 [DEBUG] POST http://localhost:60902/session/f14bffcbf3f31e329829a829ebedc8a8/element {'using': 'css selector', 'value': '[id=":r0:"]'}
2025-11-06 18:53:32,490 [DEBUG] http://localhost:60902 "POST /session/f14bffcbf3f31e329829a829ebedc8a8/element HTTP/1.1" 200 0
2025-11-06 18:53:32,492 [DEBUG] Remote response: status=200 | data={"value":{"element-6066-11e4-a52e-4f735466cecf":"f.BC4CBF7C6F968AFB0EDD33006EE25410.d.17021CD779B03CD33811ED8EF763B310.e.178"}} | headers=HTTPHeaderDict({'Content-Length': '127', 'Content-Type': 'application/json; charset=utf-8', 'cache-control': 'no-cache'})
2025-11-06 18:53:32,493 [DEBUG] Finished Request
2025-11-06 18:53:32,495 [DEBUG] POST http://localhost:60902/session/f14bffcbf3f31e329829a829ebedc8a8/element/f.BC4CBF7C6F968AFB0EDD33006EE25410.d.17021CD779B03CD33811ED8EF763B310.e.178/value {'text': 'wivepam991@fandoe.com', 'value': ['w', 'i', 'v', 'e', 'p', 'a', 'm', '9', '9', '1', '@', 'f', 'a', 'n', 'd', 'o', 'e', '.', 'c', 'o', 'm']}
2025-11-06 18:53:34,641 [DEBUG] http://localhost:60902 "POST /session/f14bffcbf3f31e329829a829ebedc8a8/element/f.BC4CBF7C6F968AFB0EDD33006EE25410.d.17021CD779B03CD33811ED8EF763B310.e.178/value HTTP/1.1" 200 0
2025-11-06 18:53:34,642 [DEBUG] Remote response: status=200 | data={"value":null} | headers=HTTPHeaderDict({'Content-Length': '14', 'Content-Type': 'application/json; charset=utf-8', 'cache-control': 'no-cache'})
2025-11-06 18:53:34,643 [DEBUG] Finished Request
2025-11-06 18:53:34,644 [DEBUG] POST http://localhost:60902/session/f14bffcbf3f31e329829a829ebedc8a8/element {'using': 'xpath', 'value': '//input[@name="password" and @type="password"]'}
2025-11-06 18:53:34,704 [DEBUG] http://localhost:60902 "POST /session/f14bffcbf3f31e329829a829ebedc8a8/element HTTP/1.1" 200 0
2025-11-06 18:53:34,705 [DEBUG] Remote response: status=200 | data={"value":{"element-6066-11e4-a52e-4f735466cecf":"f.BC4CBF7C6F968AFB0EDD33006EE25410.d.17021CD779B03CD33811ED8EF763B310.e.194"}} | headers=HTTPHeaderDict({'Content-Length': '127', 'Content-Type': 'application/json; charset=utf-8', 'cache-control': 'no-cache'})
2025-11-06 18:53:34,706 [DEBUG] Finished Request
2025-11-06 18:53:34,707 [DEBUG] POST http://localhost:60902/session/f14bffcbf3f31e329829a829ebedc8a8/execute/sync {'script': '\n    const input = arguments[0];\n    const value = arguments[1];\n    input.focus();\n    const lastVa...', 'args': [{'element-6066-11e4-a52e-4f735466cecf': 'f.BC4CBF7C6F968AFB0EDD33006EE25410.d.17021CD779B03CD33811ED8EF763B310.e.194'}, 'password123!']}
2025-11-06 18:53:34,802 [DEBUG] http://localhost:60902 "POST /session/f14bffcbf3f31e329829a829ebedc8a8/execute/sync HTTP/1.1" 200 0
2025-11-06 18:53:34,808 [DEBUG] Remote response: status=200 | data={"value":null} | headers=HTTPHeaderDict({'Content-Length': '14', 'Content-Type': 'application/json; charset=utf-8', 'cache-control': 'no-cache'})
2025-11-06 18:53:34,813 [DEBUG] Finished Request
2025-11-06 18:53:34,827 [DEBUG] POST http://localhost:60902/session/f14bffcbf3f31e329829a829ebedc8a8/element {'using': 'css selector', 'value': '[id=":r3:"]'}
2025-11-06 18:53:34,914 [DEBUG] http://localhost:60902 "POST /session/f14bffcbf3f31e329829a829ebedc8a8/element HTTP/1.1" 200 0
2025-11-06 18:53:34,916 [DEBUG] Remote response: status=200 | data={"value":{"element-6066-11e4-a52e-4f735466cecf":"f.BC4CBF7C6F968AFB0EDD33006EE25410.d.17021CD779B03CD33811ED8EF763B310.e.202"}} | headers=HTTPHeaderDict({'Content-Length': '127', 'Content-Type': 'application/json; charset=utf-8', 'cache-control': 'no-cache'})
2025-11-06 18:53:34,917 [DEBUG] Finished Request
2025-11-06 18:53:34,919 [DEBUG] POST http://localhost:60902/session/f14bffcbf3f31e329829a829ebedc8a8/element/f.BC4CBF7C6F968AFB0EDD33006EE25410.d.17021CD779B03CD33811ED8EF763B310.e.202/click {}
2025-11-06 18:53:35,215 [DEBUG] http://localhost:60902 "POST /session/f14bffcbf3f31e329829a829ebedc8a8/element/f.BC4CBF7C6F968AFB0EDD33006EE25410.d.17021CD779B03CD33811ED8EF763B310.e.202/click HTTP/1.1" 200 0
2025-11-06 18:53:35,216 [DEBUG] Remote response: status=200 | data={"value":null} | headers=HTTPHeaderDict({'Content-Length': '14', 'Content-Type': 'application/json; charset=utf-8', 'cache-control': 'no-cache'})
2025-11-06 18:53:35,217 [DEBUG] Finished Request
2025-11-06 18:53:45,219 [DEBUG] GET http://localhost:60902/session/f14bffcbf3f31e329829a829ebedc8a8/url {}
2025-11-06 18:53:45,242 [DEBUG] http://localhost:60902 "GET /session/f14bffcbf3f31e329829a829ebedc8a8/url HTTP/1.1" 200 0
2025-11-06 18:53:45,243 [DEBUG] Remote response: status=200 | data={"value":"https://qatrack.elice.io/ai-helpy-chat"} | headers=HTTPHeaderDict({'Content-Length': '50', 'Content-Type': 'application/json; charset=utf-8', 'cache-control': 'no-cache'})
2025-11-06 18:53:45,244 [DEBUG] Finished Request
2025-11-06 18:53:45,248 [DEBUG] DELETE http://localhost:60902/session/f14bffcbf3f31e329829a829ebedc8a8 {}
2025-11-06 18:53:45,553 [DEBUG] http://localhost:60902 "DELETE /session/f14bffcbf3f31e329829a829ebedc8a8 HTTP/1.1" 200 0
2025-11-06 18:53:45,554 [DEBUG] Remote response: status=200 | data={"value":null} | headers=HTTPHeaderDict({'Content-Length': '14', 'Content-Type': 'application/json; charset=utf-8', 'cache-control': 'no-cache'})
2025-11-06 18:53:45,555 [DEBUG] Finished Request
2025-11-06 18:53:48,109 [INFO] === 🧾 테스트 세션 종료 ===
