2025-11-06 18:57:21,659 [INFO] === ✅ 전역 로거 설정 완료 ===
2025-11-06 18:57:21,661 [INFO] 테스트 시작
2025-11-06 18:57:22,662 [DEBUG] 중간 단계: sleep 완료
2025-11-06 18:57:22,663 [WARNING] 경고 메시지 예시
2025-11-06 18:57:22,663 [ERROR] 에러 메시지 예시
2025-11-06 18:57:22,664 [INFO] 테스트 종료
2025-11-06 18:57:22,692 [DEBUG] Selenium Manager binary found at: C:\Users\강해리\team2_project\venv\Lib\site-packages\selenium\webdriver\common\windows\selenium-manager.exe
2025-11-06 18:57:22,696 [DEBUG] Executing process: C:\Users\강해리\team2_project\venv\Lib\site-packages\selenium\webdriver\common\windows\selenium-manager.exe --browser chrome --debug --language-binding python --output json
2025-11-06 18:57:22,962 [DEBUG] chromedriver not found in PATH
2025-11-06 18:57:22,962 [DEBUG] chrome detected at C:\Program Files\Google\Chrome\Application\chrome.exe
2025-11-06 18:57:22,963 [DEBUG] Detected browser: chrome 141.0.7390.125
2025-11-06 18:57:22,963 [DEBUG] Required driver: chromedriver 141.0.7390.122
2025-11-06 18:57:22,964 [DEBUG] chromedriver 141.0.7390.122 already in the cache
2025-11-06 18:57:22,964 [DEBUG] Driver path: C:\Users\강해리\.cache\selenium\chromedriver\win64\141.0.7390.122\chromedriver.exe
2025-11-06 18:57:22,964 [DEBUG] Browser path: C:\Program Files\Google\Chrome\Application\chrome.exe
2025-11-06 18:57:22,986 [DEBUG] Started executable: `C:\Users\강해리\.cache\selenium\chromedriver\win64\141.0.7390.122\chromedriver.exe` in a child process with pid: 33376 using 0 to output -3
2025-11-06 18:57:23,528 [DEBUG] POST http://localhost:57173/session {'capabilities': {'firstMatch': [{}], 'alwaysMatch': {'browserName': 'chrome', 'pageLoadStrategy': <PageLoadStrategy.normal: 'normal'>, 'browserVersion': None, 'goog:chromeOptions': {'extensions': [], 'binary': 'C:\\Program Files\\Google\\Chrome\\Application\\chrome.exe', 'args': []}}}}
2025-11-06 18:57:23,529 [DEBUG] Starting new HTTP connection (1): localhost:57173
2025-11-06 18:57:25,797 [DEBUG] http://localhost:57173 "POST /session HTTP/1.1" 200 0
2025-11-06 18:57:25,807 [DEBUG] Remote response: status=200 | data={"value":{"capabilities":{"acceptInsecureCerts":false,"browserName":"chrome","browserVersion":"141.0.7390.125","chrome":{"chromedriverVersion":"141.0.7390.122 (b477534e7e10d193e916cd4e2967c589383625b2-refs/branch-heads/7390@{#2667})","userDataDir":"C:\\Users\\강해리\\AppData\\Local\\Temp\\scoped_dir33376_366255397"},"fedcm:accounts":true,"goog:chromeOptions":{"debuggerAddress":"localhost:57176"},"networkConnectionEnabled":false,"pageLoadStrategy":"normal","platformName":"windows","proxy":{},"setWindowRect":true,"strictFileInteractability":false,"timeouts":{"implicit":0,"pageLoad":300000,"script":30000},"unhandledPromptBehavior":"dismiss and notify","webauthn:extension:credBlob":true,"webauthn:extension:largeBlob":true,"webauthn:extension:minPinLength":true,"webauthn:extension:prf":true,"webauthn:virtualAuthenticators":true},"sessionId":"9deeb7222c646b03ef0f4cea3e72e9e7"}} | headers=HTTPHeaderDict({'Content-Length': '887', 'Content-Type': 'application/json; charset=utf-8', 'cache-control': 'no-cache'})
2025-11-06 18:57:25,819 [DEBUG] Finished Request
2025-11-06 18:57:25,820 [DEBUG] POST http://localhost:57173/session/9deeb7222c646b03ef0f4cea3e72e9e7/window/maximize {}
2025-11-06 18:57:26,020 [DEBUG] http://localhost:57173 "POST /session/9deeb7222c646b03ef0f4cea3e72e9e7/window/maximize HTTP/1.1" 200 0
2025-11-06 18:57:26,030 [DEBUG] Remote response: status=200 | data={"value":{"height":688,"width":1296,"x":-8,"y":-8}} | headers=HTTPHeaderDict({'Content-Length': '51', 'Content-Type': 'application/json; charset=utf-8', 'cache-control': 'no-cache'})
2025-11-06 18:57:26,035 [DEBUG] Finished Request
2025-11-06 18:57:26,054 [DEBUG] POST http://localhost:57173/session/9deeb7222c646b03ef0f4cea3e72e9e7/timeouts {'implicit': 5000}
2025-11-06 18:57:26,118 [DEBUG] http://localhost:57173 "POST /session/9deeb7222c646b03ef0f4cea3e72e9e7/timeouts HTTP/1.1" 200 0
2025-11-06 18:57:26,120 [DEBUG] Remote response: status=200 | data={"value":null} | headers=HTTPHeaderDict({'Content-Length': '14', 'Content-Type': 'application/json; charset=utf-8', 'cache-control': 'no-cache'})
2025-11-06 18:57:26,123 [DEBUG] Finished Request
2025-11-06 18:57:26,141 [DEBUG] POST http://localhost:57173/session/9deeb7222c646b03ef0f4cea3e72e9e7/url {'url': 'https://accounts.elice.io/accounts/signin/me?continue_to=https%3A%2F%2Fqatrack.elice.io%2Fai-helpy-c...'}
2025-11-06 18:57:27,639 [DEBUG] http://localhost:57173 "POST /session/9deeb7222c646b03ef0f4cea3e72e9e7/url HTTP/1.1" 200 0
2025-11-06 18:57:27,646 [DEBUG] Remote response: status=200 | data={"value":null} | headers=HTTPHeaderDict({'Content-Length': '14', 'Content-Type': 'application/json; charset=utf-8', 'cache-control': 'no-cache'})
2025-11-06 18:57:27,649 [DEBUG] Finished Request
2025-11-06 18:57:27,653 [DEBUG] POST http://localhost:57173/session/9deeb7222c646b03ef0f4cea3e72e9e7/element {'using': 'css selector', 'value': '[id=":r0:"]'}
2025-11-06 18:57:28,635 [DEBUG] http://localhost:57173 "POST /session/9deeb7222c646b03ef0f4cea3e72e9e7/element HTTP/1.1" 200 0
2025-11-06 18:57:28,636 [DEBUG] Remote response: status=200 | data={"value":{"element-6066-11e4-a52e-4f735466cecf":"f.DB86C0A6FFC3B381CB66A60D124F4674.d.021590616F27B7D75220C4B6327706A9.e.178"}} | headers=HTTPHeaderDict({'Content-Length': '127', 'Content-Type': 'application/json; charset=utf-8', 'cache-control': 'no-cache'})
2025-11-06 18:57:28,638 [DEBUG] Finished Request
2025-11-06 18:57:28,640 [DEBUG] POST http://localhost:57173/session/9deeb7222c646b03ef0f4cea3e72e9e7/element/f.DB86C0A6FFC3B381CB66A60D124F4674.d.021590616F27B7D75220C4B6327706A9.e.178/value {'text': 'wivepam991@fandoe.com', 'value': ['w', 'i', 'v', 'e', 'p', 'a', 'm', '9', '9', '1', '@', 'f', 'a', 'n', 'd', 'o', 'e', '.', 'c', 'o', 'm']}
2025-11-06 18:57:30,093 [DEBUG] http://localhost:57173 "POST /session/9deeb7222c646b03ef0f4cea3e72e9e7/element/f.DB86C0A6FFC3B381CB66A60D124F4674.d.021590616F27B7D75220C4B6327706A9.e.178/value HTTP/1.1" 200 0
2025-11-06 18:57:30,094 [DEBUG] Remote response: status=200 | data={"value":null} | headers=HTTPHeaderDict({'Content-Length': '14', 'Content-Type': 'application/json; charset=utf-8', 'cache-control': 'no-cache'})
2025-11-06 18:57:30,095 [DEBUG] Finished Request
2025-11-06 18:57:30,577 [DEBUG] DELETE http://localhost:57173/session/9deeb7222c646b03ef0f4cea3e72e9e7 {}
2025-11-06 18:57:30,912 [DEBUG] http://localhost:57173 "DELETE /session/9deeb7222c646b03ef0f4cea3e72e9e7 HTTP/1.1" 200 0
2025-11-06 18:57:30,918 [DEBUG] Remote response: status=200 | data={"value":null} | headers=HTTPHeaderDict({'Content-Length': '14', 'Content-Type': 'application/json; charset=utf-8', 'cache-control': 'no-cache'})
2025-11-06 18:57:30,919 [DEBUG] Finished Request
2025-11-06 18:57:35,599 [INFO] === 🧾 테스트 세션 종료 ===
