2025-11-06 18:55:23,078 [INFO] === ✅ 전역 로거 설정 완료 ===
2025-11-06 18:55:23,080 [INFO] 테스트 시작
2025-11-06 18:55:24,081 [DEBUG] 중간 단계: sleep 완료
2025-11-06 18:55:24,083 [WARNING] 경고 메시지 예시
2025-11-06 18:55:24,085 [ERROR] 에러 메시지 예시
2025-11-06 18:55:24,087 [INFO] 테스트 종료
2025-11-06 18:55:24,115 [DEBUG] Selenium Manager binary found at: C:\Users\강해리\team2_project\venv\Lib\site-packages\selenium\webdriver\common\windows\selenium-manager.exe
2025-11-06 18:55:24,117 [DEBUG] Executing process: C:\Users\강해리\team2_project\venv\Lib\site-packages\selenium\webdriver\common\windows\selenium-manager.exe --browser chrome --debug --language-binding python --output json
2025-11-06 18:55:24,519 [DEBUG] chromedriver not found in PATH
2025-11-06 18:55:24,519 [DEBUG] chrome detected at C:\Program Files\Google\Chrome\Application\chrome.exe
2025-11-06 18:55:24,520 [DEBUG] Detected browser: chrome 141.0.7390.125
2025-11-06 18:55:24,520 [DEBUG] Required driver: chromedriver 141.0.7390.122
2025-11-06 18:55:24,521 [DEBUG] chromedriver 141.0.7390.122 already in the cache
2025-11-06 18:55:24,521 [DEBUG] Driver path: C:\Users\강해리\.cache\selenium\chromedriver\win64\141.0.7390.122\chromedriver.exe
2025-11-06 18:55:24,522 [DEBUG] Browser path: C:\Program Files\Google\Chrome\Application\chrome.exe
2025-11-06 18:55:24,548 [DEBUG] Started executable: `C:\Users\강해리\.cache\selenium\chromedriver\win64\141.0.7390.122\chromedriver.exe` in a child process with pid: 32824 using 0 to output -3
2025-11-06 18:55:25,077 [DEBUG] POST http://localhost:59265/session {'capabilities': {'firstMatch': [{}], 'alwaysMatch': {'browserName': 'chrome', 'pageLoadStrategy': <PageLoadStrategy.normal: 'normal'>, 'browserVersion': None, 'goog:chromeOptions': {'extensions': [], 'binary': 'C:\\Program Files\\Google\\Chrome\\Application\\chrome.exe', 'args': []}}}}
2025-11-06 18:55:25,078 [DEBUG] Starting new HTTP connection (1): localhost:59265
2025-11-06 18:55:27,654 [DEBUG] http://localhost:59265 "POST /session HTTP/1.1" 200 0
2025-11-06 18:55:27,657 [DEBUG] Remote response: status=200 | data={"value":{"capabilities":{"acceptInsecureCerts":false,"browserName":"chrome","browserVersion":"141.0.7390.125","chrome":{"chromedriverVersion":"141.0.7390.122 (b477534e7e10d193e916cd4e2967c589383625b2-refs/branch-heads/7390@{#2667})","userDataDir":"C:\\Users\\강해리\\AppData\\Local\\Temp\\scoped_dir32824_605870473"},"fedcm:accounts":true,"goog:chromeOptions":{"debuggerAddress":"localhost:60304"},"networkConnectionEnabled":false,"pageLoadStrategy":"normal","platformName":"windows","proxy":{},"setWindowRect":true,"strictFileInteractability":false,"timeouts":{"implicit":0,"pageLoad":300000,"script":30000},"unhandledPromptBehavior":"dismiss and notify","webauthn:extension:credBlob":true,"webauthn:extension:largeBlob":true,"webauthn:extension:minPinLength":true,"webauthn:extension:prf":true,"webauthn:virtualAuthenticators":true},"sessionId":"1aea1280005d8919844d4305c752a733"}} | headers=HTTPHeaderDict({'Content-Length': '887', 'Content-Type': 'application/json; charset=utf-8', 'cache-control': 'no-cache'})
2025-11-06 18:55:27,658 [DEBUG] Finished Request
2025-11-06 18:55:27,660 [DEBUG] POST http://localhost:59265/session/1aea1280005d8919844d4305c752a733/window/maximize {}
2025-11-06 18:55:27,880 [DEBUG] http://localhost:59265 "POST /session/1aea1280005d8919844d4305c752a733/window/maximize HTTP/1.1" 200 0
2025-11-06 18:55:27,888 [DEBUG] Remote response: status=200 | data={"value":{"height":688,"width":1296,"x":-8,"y":-8}} | headers=HTTPHeaderDict({'Content-Length': '51', 'Content-Type': 'application/json; charset=utf-8', 'cache-control': 'no-cache'})
2025-11-06 18:55:27,892 [DEBUG] Finished Request
2025-11-06 18:55:27,894 [DEBUG] POST http://localhost:59265/session/1aea1280005d8919844d4305c752a733/timeouts {'implicit': 5000}
2025-11-06 18:55:27,934 [DEBUG] http://localhost:59265 "POST /session/1aea1280005d8919844d4305c752a733/timeouts HTTP/1.1" 200 0
2025-11-06 18:55:27,935 [DEBUG] Remote response: status=200 | data={"value":null} | headers=HTTPHeaderDict({'Content-Length': '14', 'Content-Type': 'application/json; charset=utf-8', 'cache-control': 'no-cache'})
2025-11-06 18:55:27,937 [DEBUG] Finished Request
2025-11-06 18:55:27,944 [DEBUG] POST http://localhost:59265/session/1aea1280005d8919844d4305c752a733/url {'url': 'https://accounts.elice.io/accounts/signin/me?continue_to=https%3A%2F%2Fqatrack.elice.io%2Fai-helpy-c...'}
2025-11-06 18:55:29,585 [DEBUG] http://localhost:59265 "POST /session/1aea1280005d8919844d4305c752a733/url HTTP/1.1" 200 0
2025-11-06 18:55:29,595 [DEBUG] Remote response: status=200 | data={"value":null} | headers=HTTPHeaderDict({'Content-Length': '14', 'Content-Type': 'application/json; charset=utf-8', 'cache-control': 'no-cache'})
2025-11-06 18:55:29,602 [DEBUG] Finished Request
2025-11-06 18:55:29,613 [DEBUG] POST http://localhost:59265/session/1aea1280005d8919844d4305c752a733/element {'using': 'css selector', 'value': '[id=":r0:"]'}
2025-11-06 18:55:30,849 [DEBUG] http://localhost:59265 "POST /session/1aea1280005d8919844d4305c752a733/element HTTP/1.1" 200 0
2025-11-06 18:55:30,864 [DEBUG] Remote response: status=200 | data={"value":{"element-6066-11e4-a52e-4f735466cecf":"f.B3D891A1644E0360951661A53D4F0FE3.d.6D4CAFF4DB0C6E13F2AAE28FEF9CE1AF.e.181"}} | headers=HTTPHeaderDict({'Content-Length': '127', 'Content-Type': 'application/json; charset=utf-8', 'cache-control': 'no-cache'})
2025-11-06 18:55:30,916 [DEBUG] Finished Request
2025-11-06 18:55:30,933 [DEBUG] POST http://localhost:59265/session/1aea1280005d8919844d4305c752a733/element/f.B3D891A1644E0360951661A53D4F0FE3.d.6D4CAFF4DB0C6E13F2AAE28FEF9CE1AF.e.181/value {'text': 'wivepam991@fandoe.com', 'value': ['w', 'i', 'v', 'e', 'p', 'a', 'm', '9', '9', '1', '@', 'f', 'a', 'n', 'd', 'o', 'e', '.', 'c', 'o', 'm']}
2025-11-06 18:55:33,006 [DEBUG] http://localhost:59265 "POST /session/1aea1280005d8919844d4305c752a733/element/f.B3D891A1644E0360951661A53D4F0FE3.d.6D4CAFF4DB0C6E13F2AAE28FEF9CE1AF.e.181/value HTTP/1.1" 200 0
2025-11-06 18:55:33,008 [DEBUG] Remote response: status=200 | data={"value":null} | headers=HTTPHeaderDict({'Content-Length': '14', 'Content-Type': 'application/json; charset=utf-8', 'cache-control': 'no-cache'})
2025-11-06 18:55:33,009 [DEBUG] Finished Request
2025-11-06 18:55:33,010 [DEBUG] POST http://localhost:59265/session/1aea1280005d8919844d4305c752a733/element {'using': 'css selector', 'value': '[id="PasswordTextField-ayq6lq46tuq"]'}
2025-11-06 18:55:38,062 [DEBUG] http://localhost:59265 "POST /session/1aea1280005d8919844d4305c752a733/element HTTP/1.1" 404 0
2025-11-06 18:55:38,063 [DEBUG] Remote response: status=404 | data={"value":{"error":"no such element","message":"no such element: Unable to locate element: {\"method\":\"css selector\",\"selector\":\"[id=\"PasswordTextField-ayq6lq46tuq\"]\"}\n  (Session info: chrome=141.0.7390.125)","stacktrace":"\tGetHandleVerifier [0x0x7ff619c9e8e5+80021]\n\tGetHandleVerifier [0x0x7ff619c9e940+80112]\n\t(No symbol) [0x0x7ff619a2060f]\n\t(No symbol) [0x0x7ff619a78854]\n\t(No symbol) [0x0x7ff619a78b1c]\n\t(No symbol) [0x0x7ff619acc927]\n\t(No symbol) [0x0x7ff619aa126f]\n\t(No symbol) [0x0x7ff619ac968a]\n\t(No symbol) [0x0x7ff619aa1003]\n\t(No symbol) [0x0x7ff619a695d1]\n\t(No symbol) [0x0x7ff619a6a3f3]\n\tGetHandleVerifier [0x0x7ff619f5dc7d+2960429]\n\tGetHandleVerifier [0x0x7ff619f57f3a+2936554]\n\tGetHandleVerifier [0x0x7ff619f78977+3070247]\n\tGetHandleVerifier [0x0x7ff619cb83ce+185214]\n\tGetHandleVerifier [0x0x7ff619cbfe1f+216527]\n\tGetHandleVerifier [0x0x7ff619ca7b24+117460]\n\tGetHandleVerifier [0x0x7ff619ca7cdf+117903]\n\tGetHandleVerifier [0x0x7ff619c8dbb8+11112]\n\tBaseThreadInitThunk [0x0x7fff1ac2e8d7+23]\n\tRtlUserThreadStart [0x0x7fff1b9ac53c+44]\n"}} | headers=HTTPHeaderDict({'Content-Length': '1100', 'Content-Type': 'application/json; charset=utf-8', 'cache-control': 'no-cache'})
2025-11-06 18:55:38,065 [DEBUG] Finished Request
2025-11-06 18:55:38,859 [DEBUG] DELETE http://localhost:59265/session/1aea1280005d8919844d4305c752a733 {}
2025-11-06 18:55:39,853 [DEBUG] http://localhost:59265 "DELETE /session/1aea1280005d8919844d4305c752a733 HTTP/1.1" 200 0
2025-11-06 18:55:39,854 [DEBUG] Remote response: status=200 | data={"value":null} | headers=HTTPHeaderDict({'Content-Length': '14', 'Content-Type': 'application/json; charset=utf-8', 'cache-control': 'no-cache'})
2025-11-06 18:55:39,855 [DEBUG] Finished Request
2025-11-06 18:55:42,367 [INFO] === 🧾 테스트 세션 종료 ===
