2025-11-06 18:57:50,576 [INFO] === ✅ 전역 로거 설정 완료 ===
2025-11-06 18:57:50,579 [INFO] 테스트 시작
2025-11-06 18:57:51,580 [DEBUG] 중간 단계: sleep 완료
2025-11-06 18:57:51,581 [WARNING] 경고 메시지 예시
2025-11-06 18:57:51,582 [ERROR] 에러 메시지 예시
2025-11-06 18:57:51,582 [INFO] 테스트 종료
2025-11-06 18:57:51,592 [DEBUG] Selenium Manager binary found at: C:\Users\강해리\team2_project\venv\Lib\site-packages\selenium\webdriver\common\windows\selenium-manager.exe
2025-11-06 18:57:51,593 [DEBUG] Executing process: C:\Users\강해리\team2_project\venv\Lib\site-packages\selenium\webdriver\common\windows\selenium-manager.exe --browser chrome --debug --language-binding python --output json
2025-11-06 18:57:51,877 [DEBUG] chromedriver not found in PATH
2025-11-06 18:57:51,877 [DEBUG] chrome detected at C:\Program Files\Google\Chrome\Application\chrome.exe
2025-11-06 18:57:51,878 [DEBUG] Detected browser: chrome 141.0.7390.125
2025-11-06 18:57:51,879 [DEBUG] Required driver: chromedriver 141.0.7390.122
2025-11-06 18:57:51,879 [DEBUG] chromedriver 141.0.7390.122 already in the cache
2025-11-06 18:57:51,879 [DEBUG] Driver path: C:\Users\강해리\.cache\selenium\chromedriver\win64\141.0.7390.122\chromedriver.exe
2025-11-06 18:57:51,880 [DEBUG] Browser path: C:\Program Files\Google\Chrome\Application\chrome.exe
2025-11-06 18:57:51,914 [DEBUG] Started executable: `C:\Users\강해리\.cache\selenium\chromedriver\win64\141.0.7390.122\chromedriver.exe` in a child process with pid: 33432 using 0 to output -3
2025-11-06 18:57:52,446 [DEBUG] POST http://localhost:49678/session {'capabilities': {'firstMatch': [{}], 'alwaysMatch': {'browserName': 'chrome', 'pageLoadStrategy': <PageLoadStrategy.normal: 'normal'>, 'browserVersion': None, 'goog:chromeOptions': {'extensions': [], 'binary': 'C:\\Program Files\\Google\\Chrome\\Application\\chrome.exe', 'args': []}}}}
2025-11-06 18:57:52,448 [DEBUG] Starting new HTTP connection (1): localhost:49678
2025-11-06 18:57:54,875 [DEBUG] http://localhost:49678 "POST /session HTTP/1.1" 200 0
2025-11-06 18:57:54,876 [DEBUG] Remote response: status=200 | data={"value":{"capabilities":{"acceptInsecureCerts":false,"browserName":"chrome","browserVersion":"141.0.7390.125","chrome":{"chromedriverVersion":"141.0.7390.122 (b477534e7e10d193e916cd4e2967c589383625b2-refs/branch-heads/7390@{#2667})","userDataDir":"C:\\Users\\강해리\\AppData\\Local\\Temp\\scoped_dir33432_2039304164"},"fedcm:accounts":true,"goog:chromeOptions":{"debuggerAddress":"localhost:49681"},"networkConnectionEnabled":false,"pageLoadStrategy":"normal","platformName":"windows","proxy":{},"setWindowRect":true,"strictFileInteractability":false,"timeouts":{"implicit":0,"pageLoad":300000,"script":30000},"unhandledPromptBehavior":"dismiss and notify","webauthn:extension:credBlob":true,"webauthn:extension:largeBlob":true,"webauthn:extension:minPinLength":true,"webauthn:extension:prf":true,"webauthn:virtualAuthenticators":true},"sessionId":"da4014f8c805c745d9e32514fe532e46"}} | headers=HTTPHeaderDict({'Content-Length': '888', 'Content-Type': 'application/json; charset=utf-8', 'cache-control': 'no-cache'})
2025-11-06 18:57:54,880 [DEBUG] Finished Request
2025-11-06 18:57:54,889 [DEBUG] POST http://localhost:49678/session/da4014f8c805c745d9e32514fe532e46/window/maximize {}
2025-11-06 18:57:55,024 [DEBUG] http://localhost:49678 "POST /session/da4014f8c805c745d9e32514fe532e46/window/maximize HTTP/1.1" 200 0
2025-11-06 18:57:55,029 [DEBUG] Remote response: status=200 | data={"value":{"height":688,"width":1296,"x":-8,"y":-8}} | headers=HTTPHeaderDict({'Content-Length': '51', 'Content-Type': 'application/json; charset=utf-8', 'cache-control': 'no-cache'})
2025-11-06 18:57:55,063 [DEBUG] Finished Request
2025-11-06 18:57:55,271 [DEBUG] POST http://localhost:49678/session/da4014f8c805c745d9e32514fe532e46/timeouts {'implicit': 5000}
2025-11-06 18:57:55,392 [DEBUG] http://localhost:49678 "POST /session/da4014f8c805c745d9e32514fe532e46/timeouts HTTP/1.1" 200 0
2025-11-06 18:57:55,396 [DEBUG] Remote response: status=200 | data={"value":null} | headers=HTTPHeaderDict({'Content-Length': '14', 'Content-Type': 'application/json; charset=utf-8', 'cache-control': 'no-cache'})
2025-11-06 18:57:55,406 [DEBUG] Finished Request
2025-11-06 18:57:55,450 [DEBUG] POST http://localhost:49678/session/da4014f8c805c745d9e32514fe532e46/url {'url': 'https://accounts.elice.io/accounts/signin/me?continue_to=https%3A%2F%2Fqatrack.elice.io%2Fai-helpy-c...'}
2025-11-06 18:57:57,413 [DEBUG] http://localhost:49678 "POST /session/da4014f8c805c745d9e32514fe532e46/url HTTP/1.1" 200 0
2025-11-06 18:57:57,416 [DEBUG] Remote response: status=200 | data={"value":null} | headers=HTTPHeaderDict({'Content-Length': '14', 'Content-Type': 'application/json; charset=utf-8', 'cache-control': 'no-cache'})
2025-11-06 18:57:57,419 [DEBUG] Finished Request
2025-11-06 18:57:57,478 [DEBUG] POST http://localhost:49678/session/da4014f8c805c745d9e32514fe532e46/element {'using': 'css selector', 'value': '[id=":r0:"]'}
2025-11-06 18:57:59,491 [DEBUG] http://localhost:49678 "POST /session/da4014f8c805c745d9e32514fe532e46/element HTTP/1.1" 200 0
2025-11-06 18:57:59,508 [DEBUG] Remote response: status=200 | data={"value":{"element-6066-11e4-a52e-4f735466cecf":"f.9EE9E1BA24A45D5D53FA2B8097E373CD.d.46F1040BFA0A16ACF84F953368CC50BB.e.178"}} | headers=HTTPHeaderDict({'Content-Length': '127', 'Content-Type': 'application/json; charset=utf-8', 'cache-control': 'no-cache'})
2025-11-06 18:57:59,536 [DEBUG] Finished Request
2025-11-06 18:57:59,556 [DEBUG] POST http://localhost:49678/session/da4014f8c805c745d9e32514fe532e46/element/f.9EE9E1BA24A45D5D53FA2B8097E373CD.d.46F1040BFA0A16ACF84F953368CC50BB.e.178/value {'text': 'wivepam991@fandoe.com', 'value': ['w', 'i', 'v', 'e', 'p', 'a', 'm', '9', '9', '1', '@', 'f', 'a', 'n', 'd', 'o', 'e', '.', 'c', 'o', 'm']}
2025-11-06 18:58:02,017 [DEBUG] http://localhost:49678 "POST /session/da4014f8c805c745d9e32514fe532e46/element/f.9EE9E1BA24A45D5D53FA2B8097E373CD.d.46F1040BFA0A16ACF84F953368CC50BB.e.178/value HTTP/1.1" 200 0
2025-11-06 18:58:02,022 [DEBUG] Remote response: status=200 | data={"value":null} | headers=HTTPHeaderDict({'Content-Length': '14', 'Content-Type': 'application/json; charset=utf-8', 'cache-control': 'no-cache'})
2025-11-06 18:58:02,033 [DEBUG] Finished Request
2025-11-06 18:58:02,059 [DEBUG] POST http://localhost:49678/session/da4014f8c805c745d9e32514fe532e46/element {'using': 'xpath', 'value': '//input[@name="password" and @type="password"]'}
2025-11-06 18:58:02,164 [DEBUG] http://localhost:49678 "POST /session/da4014f8c805c745d9e32514fe532e46/element HTTP/1.1" 200 0
2025-11-06 18:58:02,165 [DEBUG] Remote response: status=200 | data={"value":{"element-6066-11e4-a52e-4f735466cecf":"f.9EE9E1BA24A45D5D53FA2B8097E373CD.d.46F1040BFA0A16ACF84F953368CC50BB.e.194"}} | headers=HTTPHeaderDict({'Content-Length': '127', 'Content-Type': 'application/json; charset=utf-8', 'cache-control': 'no-cache'})
2025-11-06 18:58:02,166 [DEBUG] Finished Request
2025-11-06 18:58:02,168 [DEBUG] POST http://localhost:49678/session/da4014f8c805c745d9e32514fe532e46/execute/sync {'script': '\n    const input = arguments[0];\n    const value = arguments[1];\n    input.focus();\n    const lastVa...', 'args': [{'element-6066-11e4-a52e-4f735466cecf': 'f.9EE9E1BA24A45D5D53FA2B8097E373CD.d.46F1040BFA0A16ACF84F953368CC50BB.e.194'}, 'password123!']}
2025-11-06 18:58:02,250 [DEBUG] http://localhost:49678 "POST /session/da4014f8c805c745d9e32514fe532e46/execute/sync HTTP/1.1" 200 0
2025-11-06 18:58:02,253 [DEBUG] Remote response: status=200 | data={"value":null} | headers=HTTPHeaderDict({'Content-Length': '14', 'Content-Type': 'application/json; charset=utf-8', 'cache-control': 'no-cache'})
2025-11-06 18:58:02,254 [DEBUG] Finished Request
2025-11-06 18:58:02,256 [DEBUG] POST http://localhost:49678/session/da4014f8c805c745d9e32514fe532e46/element {'using': 'css selector', 'value': '[id=":r3:"]'}
2025-11-06 18:58:02,311 [DEBUG] http://localhost:49678 "POST /session/da4014f8c805c745d9e32514fe532e46/element HTTP/1.1" 200 0
2025-11-06 18:58:02,312 [DEBUG] Remote response: status=200 | data={"value":{"element-6066-11e4-a52e-4f735466cecf":"f.9EE9E1BA24A45D5D53FA2B8097E373CD.d.46F1040BFA0A16ACF84F953368CC50BB.e.202"}} | headers=HTTPHeaderDict({'Content-Length': '127', 'Content-Type': 'application/json; charset=utf-8', 'cache-control': 'no-cache'})
2025-11-06 18:58:02,313 [DEBUG] Finished Request
2025-11-06 18:58:02,314 [DEBUG] POST http://localhost:49678/session/da4014f8c805c745d9e32514fe532e46/element/f.9EE9E1BA24A45D5D53FA2B8097E373CD.d.46F1040BFA0A16ACF84F953368CC50BB.e.202/click {}
2025-11-06 18:58:02,741 [DEBUG] http://localhost:49678 "POST /session/da4014f8c805c745d9e32514fe532e46/element/f.9EE9E1BA24A45D5D53FA2B8097E373CD.d.46F1040BFA0A16ACF84F953368CC50BB.e.202/click HTTP/1.1" 200 0
2025-11-06 18:58:02,744 [DEBUG] Remote response: status=200 | data={"value":null} | headers=HTTPHeaderDict({'Content-Length': '14', 'Content-Type': 'application/json; charset=utf-8', 'cache-control': 'no-cache'})
2025-11-06 18:58:02,745 [DEBUG] Finished Request
2025-11-06 18:58:12,748 [DEBUG] GET http://localhost:49678/session/da4014f8c805c745d9e32514fe532e46/url {}
2025-11-06 18:58:12,754 [DEBUG] http://localhost:49678 "GET /session/da4014f8c805c745d9e32514fe532e46/url HTTP/1.1" 404 0
2025-11-06 18:58:12,755 [DEBUG] Remote response: status=404 | data={"value":{"error":"invalid session id","message":"invalid session id: session deleted as the browser has closed the connection\nfrom disconnected: not connected to DevTools\n  (Session info: chrome=141.0.7390.125)","stacktrace":"\tGetHandleVerifier [0x0x7ff619c9e8e5+80021]\n\tGetHandleVerifier [0x0x7ff619c9e940+80112]\n\t(No symbol) [0x0x7ff619a2060f]\n\t(No symbol) [0x0x7ff619a0c145]\n\t(No symbol) [0x0x7ff619a3177a]\n\t(No symbol) [0x0x7ff619aa8b06]\n\t(No symbol) [0x0x7ff619ac8fa2]\n\t(No symbol) [0x0x7ff619aa1003]\n\t(No symbol) [0x0x7ff619a695d1]\n\t(No symbol) [0x0x7ff619a6a3f3]\n\tGetHandleVerifier [0x0x7ff619f5dc7d+2960429]\n\tGetHandleVerifier [0x0x7ff619f57f3a+2936554]\n\tGetHandleVerifier [0x0x7ff619f78977+3070247]\n\tGetHandleVerifier [0x0x7ff619cb83ce+185214]\n\tGetHandleVerifier [0x0x7ff619cbfe1f+216527]\n\tGetHandleVerifier [0x0x7ff619ca7b24+117460]\n\tGetHandleVerifier [0x0x7ff619ca7cdf+117903]\n\tGetHandleVerifier [0x0x7ff619c8dbb8+11112]\n\tBaseThreadInitThunk [0x0x7fff1ac2e8d7+23]\n\tRtlUserThreadStart [0x0x7fff1b9ac53c+44]\n"}} | headers=HTTPHeaderDict({'Content-Length': '1063', 'Content-Type': 'application/json; charset=utf-8', 'cache-control': 'no-cache'})
2025-11-06 18:58:12,766 [DEBUG] Finished Request
2025-11-06 18:58:13,628 [DEBUG] DELETE http://localhost:49678/session/da4014f8c805c745d9e32514fe532e46 {}
2025-11-06 18:58:13,632 [DEBUG] http://localhost:49678 "DELETE /session/da4014f8c805c745d9e32514fe532e46 HTTP/1.1" 200 0
2025-11-06 18:58:13,634 [DEBUG] Remote response: status=200 | data={"value":null} | headers=HTTPHeaderDict({'Content-Length': '14', 'Content-Type': 'application/json; charset=utf-8', 'cache-control': 'no-cache'})
2025-11-06 18:58:13,635 [DEBUG] Finished Request
2025-11-06 18:58:17,230 [INFO] === 🧾 테스트 세션 종료 ===
