2025-11-06 18:56:25,729 [INFO] === ✅ 전역 로거 설정 완료 ===
2025-11-06 18:56:25,732 [INFO] 테스트 시작
2025-11-06 18:56:26,733 [DEBUG] 중간 단계: sleep 완료
2025-11-06 18:56:26,733 [WARNING] 경고 메시지 예시
2025-11-06 18:56:26,734 [ERROR] 에러 메시지 예시
2025-11-06 18:56:26,734 [INFO] 테스트 종료
2025-11-06 18:56:26,742 [DEBUG] Selenium Manager binary found at: C:\Users\강해리\team2_project\venv\Lib\site-packages\selenium\webdriver\common\windows\selenium-manager.exe
2025-11-06 18:56:26,743 [DEBUG] Executing process: C:\Users\강해리\team2_project\venv\Lib\site-packages\selenium\webdriver\common\windows\selenium-manager.exe --browser chrome --debug --language-binding python --output json
2025-11-06 18:56:27,021 [DEBUG] chromedriver not found in PATH
2025-11-06 18:56:27,022 [DEBUG] chrome detected at C:\Program Files\Google\Chrome\Application\chrome.exe
2025-11-06 18:56:27,022 [DEBUG] Detected browser: chrome 141.0.7390.125
2025-11-06 18:56:27,023 [DEBUG] Required driver: chromedriver 141.0.7390.122
2025-11-06 18:56:27,023 [DEBUG] chromedriver 141.0.7390.122 already in the cache
2025-11-06 18:56:27,024 [DEBUG] Driver path: C:\Users\강해리\.cache\selenium\chromedriver\win64\141.0.7390.122\chromedriver.exe
2025-11-06 18:56:27,024 [DEBUG] Browser path: C:\Program Files\Google\Chrome\Application\chrome.exe
2025-11-06 18:56:27,046 [DEBUG] Started executable: `C:\Users\강해리\.cache\selenium\chromedriver\win64\141.0.7390.122\chromedriver.exe` in a child process with pid: 18412 using 0 to output -3
2025-11-06 18:56:27,585 [DEBUG] POST http://localhost:51928/session {'capabilities': {'firstMatch': [{}], 'alwaysMatch': {'browserName': 'chrome', 'pageLoadStrategy': <PageLoadStrategy.normal: 'normal'>, 'browserVersion': None, 'goog:chromeOptions': {'extensions': [], 'binary': 'C:\\Program Files\\Google\\Chrome\\Application\\chrome.exe', 'args': []}}}}
2025-11-06 18:56:27,587 [DEBUG] Starting new HTTP connection (1): localhost:51928
2025-11-06 18:56:29,582 [DEBUG] http://localhost:51928 "POST /session HTTP/1.1" 200 0
2025-11-06 18:56:29,594 [DEBUG] Remote response: status=200 | data={"value":{"capabilities":{"acceptInsecureCerts":false,"browserName":"chrome","browserVersion":"141.0.7390.125","chrome":{"chromedriverVersion":"141.0.7390.122 (b477534e7e10d193e916cd4e2967c589383625b2-refs/branch-heads/7390@{#2667})","userDataDir":"C:\\Users\\강해리\\AppData\\Local\\Temp\\scoped_dir18412_1664468393"},"fedcm:accounts":true,"goog:chromeOptions":{"debuggerAddress":"localhost:51931"},"networkConnectionEnabled":false,"pageLoadStrategy":"normal","platformName":"windows","proxy":{},"setWindowRect":true,"strictFileInteractability":false,"timeouts":{"implicit":0,"pageLoad":300000,"script":30000},"unhandledPromptBehavior":"dismiss and notify","webauthn:extension:credBlob":true,"webauthn:extension:largeBlob":true,"webauthn:extension:minPinLength":true,"webauthn:extension:prf":true,"webauthn:virtualAuthenticators":true},"sessionId":"059e1e83dec9482ea37fa6ffc2a82fba"}} | headers=HTTPHeaderDict({'Content-Length': '888', 'Content-Type': 'application/json; charset=utf-8', 'cache-control': 'no-cache'})
2025-11-06 18:56:29,598 [DEBUG] Finished Request
2025-11-06 18:56:29,600 [DEBUG] POST http://localhost:51928/session/059e1e83dec9482ea37fa6ffc2a82fba/window/maximize {}
2025-11-06 18:56:29,740 [DEBUG] http://localhost:51928 "POST /session/059e1e83dec9482ea37fa6ffc2a82fba/window/maximize HTTP/1.1" 200 0
2025-11-06 18:56:29,743 [DEBUG] Remote response: status=200 | data={"value":{"height":688,"width":1296,"x":-8,"y":-8}} | headers=HTTPHeaderDict({'Content-Length': '51', 'Content-Type': 'application/json; charset=utf-8', 'cache-control': 'no-cache'})
2025-11-06 18:56:29,750 [DEBUG] Finished Request
2025-11-06 18:56:29,766 [DEBUG] POST http://localhost:51928/session/059e1e83dec9482ea37fa6ffc2a82fba/timeouts {'implicit': 5000}
2025-11-06 18:56:29,867 [DEBUG] http://localhost:51928 "POST /session/059e1e83dec9482ea37fa6ffc2a82fba/timeouts HTTP/1.1" 200 0
2025-11-06 18:56:29,880 [DEBUG] Remote response: status=200 | data={"value":null} | headers=HTTPHeaderDict({'Content-Length': '14', 'Content-Type': 'application/json; charset=utf-8', 'cache-control': 'no-cache'})
2025-11-06 18:56:29,883 [DEBUG] Finished Request
2025-11-06 18:56:29,898 [DEBUG] POST http://localhost:51928/session/059e1e83dec9482ea37fa6ffc2a82fba/url {'url': 'https://accounts.elice.io/accounts/signin/me?continue_to=https%3A%2F%2Fqatrack.elice.io%2Fai-helpy-c...'}
2025-11-06 18:56:31,307 [DEBUG] http://localhost:51928 "POST /session/059e1e83dec9482ea37fa6ffc2a82fba/url HTTP/1.1" 200 0
2025-11-06 18:56:31,311 [DEBUG] Remote response: status=200 | data={"value":null} | headers=HTTPHeaderDict({'Content-Length': '14', 'Content-Type': 'application/json; charset=utf-8', 'cache-control': 'no-cache'})
2025-11-06 18:56:31,399 [DEBUG] Finished Request
2025-11-06 18:56:31,414 [DEBUG] POST http://localhost:51928/session/059e1e83dec9482ea37fa6ffc2a82fba/element {'using': 'css selector', 'value': '[id=":r0:"]'}
2025-11-06 18:56:32,469 [DEBUG] http://localhost:51928 "POST /session/059e1e83dec9482ea37fa6ffc2a82fba/element HTTP/1.1" 200 0
2025-11-06 18:56:32,470 [DEBUG] Remote response: status=200 | data={"value":{"element-6066-11e4-a52e-4f735466cecf":"f.11CB991233E7CFB6E60044F8267F2402.d.8779C769D6712FC1971B8502D5790FB0.e.172"}} | headers=HTTPHeaderDict({'Content-Length': '127', 'Content-Type': 'application/json; charset=utf-8', 'cache-control': 'no-cache'})
2025-11-06 18:56:32,471 [DEBUG] Finished Request
2025-11-06 18:56:32,474 [DEBUG] POST http://localhost:51928/session/059e1e83dec9482ea37fa6ffc2a82fba/element/f.11CB991233E7CFB6E60044F8267F2402.d.8779C769D6712FC1971B8502D5790FB0.e.172/value {'text': 'wivepam991@fandoe.com', 'value': ['w', 'i', 'v', 'e', 'p', 'a', 'm', '9', '9', '1', '@', 'f', 'a', 'n', 'd', 'o', 'e', '.', 'c', 'o', 'm']}
2025-11-06 18:56:34,180 [DEBUG] http://localhost:51928 "POST /session/059e1e83dec9482ea37fa6ffc2a82fba/element/f.11CB991233E7CFB6E60044F8267F2402.d.8779C769D6712FC1971B8502D5790FB0.e.172/value HTTP/1.1" 200 0
2025-11-06 18:56:34,181 [DEBUG] Remote response: status=200 | data={"value":null} | headers=HTTPHeaderDict({'Content-Length': '14', 'Content-Type': 'application/json; charset=utf-8', 'cache-control': 'no-cache'})
2025-11-06 18:56:34,182 [DEBUG] Finished Request
2025-11-06 18:56:34,182 [DEBUG] POST http://localhost:51928/session/059e1e83dec9482ea37fa6ffc2a82fba/element {'using': 'css selector', 'value': '[id="PasswordTextField-ayq6lq46tuq"]'}
2025-11-06 18:56:39,275 [DEBUG] http://localhost:51928 "POST /session/059e1e83dec9482ea37fa6ffc2a82fba/element HTTP/1.1" 404 0
2025-11-06 18:56:39,277 [DEBUG] Remote response: status=404 | data={"value":{"error":"no such element","message":"no such element: Unable to locate element: {\"method\":\"css selector\",\"selector\":\"[id=\"PasswordTextField-ayq6lq46tuq\"]\"}\n  (Session info: chrome=141.0.7390.125)","stacktrace":"\tGetHandleVerifier [0x0x7ff619c9e8e5+80021]\n\tGetHandleVerifier [0x0x7ff619c9e940+80112]\n\t(No symbol) [0x0x7ff619a2060f]\n\t(No symbol) [0x0x7ff619a78854]\n\t(No symbol) [0x0x7ff619a78b1c]\n\t(No symbol) [0x0x7ff619acc927]\n\t(No symbol) [0x0x7ff619aa126f]\n\t(No symbol) [0x0x7ff619ac968a]\n\t(No symbol) [0x0x7ff619aa1003]\n\t(No symbol) [0x0x7ff619a695d1]\n\t(No symbol) [0x0x7ff619a6a3f3]\n\tGetHandleVerifier [0x0x7ff619f5dc7d+2960429]\n\tGetHandleVerifier [0x0x7ff619f57f3a+2936554]\n\tGetHandleVerifier [0x0x7ff619f78977+3070247]\n\tGetHandleVerifier [0x0x7ff619cb83ce+185214]\n\tGetHandleVerifier [0x0x7ff619cbfe1f+216527]\n\tGetHandleVerifier [0x0x7ff619ca7b24+117460]\n\tGetHandleVerifier [0x0x7ff619ca7cdf+117903]\n\tGetHandleVerifier [0x0x7ff619c8dbb8+11112]\n\tBaseThreadInitThunk [0x0x7fff1ac2e8d7+23]\n\tRtlUserThreadStart [0x0x7fff1b9ac53c+44]\n"}} | headers=HTTPHeaderDict({'Content-Length': '1100', 'Content-Type': 'application/json; charset=utf-8', 'cache-control': 'no-cache'})
2025-11-06 18:56:39,278 [DEBUG] Finished Request
2025-11-06 18:56:40,136 [DEBUG] DELETE http://localhost:51928/session/059e1e83dec9482ea37fa6ffc2a82fba {}
2025-11-06 18:56:41,619 [DEBUG] http://localhost:51928 "DELETE /session/059e1e83dec9482ea37fa6ffc2a82fba HTTP/1.1" 200 0
2025-11-06 18:56:41,620 [DEBUG] Remote response: status=200 | data={"value":null} | headers=HTTPHeaderDict({'Content-Length': '14', 'Content-Type': 'application/json; charset=utf-8', 'cache-control': 'no-cache'})
2025-11-06 18:56:41,621 [DEBUG] Finished Request
2025-11-06 18:56:44,152 [INFO] === 🧾 테스트 세션 종료 ===
