2025-11-06 18:58:47,170 [INFO] === ✅ 전역 로거 설정 완료 ===
2025-11-06 18:58:47,171 [INFO] 테스트 시작
2025-11-06 18:58:48,173 [DEBUG] 중간 단계: sleep 완료
2025-11-06 18:58:48,173 [WARNING] 경고 메시지 예시
2025-11-06 18:58:48,174 [ERROR] 에러 메시지 예시
2025-11-06 18:58:48,175 [INFO] 테스트 종료
2025-11-06 18:58:48,185 [DEBUG] Selenium Manager binary found at: C:\Users\강해리\team2_project\venv\Lib\site-packages\selenium\webdriver\common\windows\selenium-manager.exe
2025-11-06 18:58:48,185 [DEBUG] Executing process: C:\Users\강해리\team2_project\venv\Lib\site-packages\selenium\webdriver\common\windows\selenium-manager.exe --browser chrome --debug --language-binding python --output json
2025-11-06 18:58:48,447 [DEBUG] chromedriver not found in PATH
2025-11-06 18:58:48,448 [DEBUG] chrome detected at C:\Program Files\Google\Chrome\Application\chrome.exe
2025-11-06 18:58:48,448 [DEBUG] Detected browser: chrome 141.0.7390.125
2025-11-06 18:58:48,449 [DEBUG] Required driver: chromedriver 141.0.7390.122
2025-11-06 18:58:48,449 [DEBUG] chromedriver 141.0.7390.122 already in the cache
2025-11-06 18:58:48,450 [DEBUG] Driver path: C:\Users\강해리\.cache\selenium\chromedriver\win64\141.0.7390.122\chromedriver.exe
2025-11-06 18:58:48,450 [DEBUG] Browser path: C:\Program Files\Google\Chrome\Application\chrome.exe
2025-11-06 18:58:48,474 [DEBUG] Started executable: `C:\Users\강해리\.cache\selenium\chromedriver\win64\141.0.7390.122\chromedriver.exe` in a child process with pid: 16340 using 0 to output -3
2025-11-06 18:58:49,013 [DEBUG] POST http://localhost:50475/session {'capabilities': {'firstMatch': [{}], 'alwaysMatch': {'browserName': 'chrome', 'pageLoadStrategy': <PageLoadStrategy.normal: 'normal'>, 'browserVersion': None, 'goog:chromeOptions': {'extensions': [], 'binary': 'C:\\Program Files\\Google\\Chrome\\Application\\chrome.exe', 'args': []}}}}
2025-11-06 18:58:49,015 [DEBUG] Starting new HTTP connection (1): localhost:50475
2025-11-06 18:58:51,667 [DEBUG] http://localhost:50475 "POST /session HTTP/1.1" 200 0
2025-11-06 18:58:51,679 [DEBUG] Remote response: status=200 | data={"value":{"capabilities":{"acceptInsecureCerts":false,"browserName":"chrome","browserVersion":"141.0.7390.125","chrome":{"chromedriverVersion":"141.0.7390.122 (b477534e7e10d193e916cd4e2967c589383625b2-refs/branch-heads/7390@{#2667})","userDataDir":"C:\\Users\\강해리\\AppData\\Local\\Temp\\scoped_dir16340_1409462557"},"fedcm:accounts":true,"goog:chromeOptions":{"debuggerAddress":"localhost:50481"},"networkConnectionEnabled":false,"pageLoadStrategy":"normal","platformName":"windows","proxy":{},"setWindowRect":true,"strictFileInteractability":false,"timeouts":{"implicit":0,"pageLoad":300000,"script":30000},"unhandledPromptBehavior":"dismiss and notify","webauthn:extension:credBlob":true,"webauthn:extension:largeBlob":true,"webauthn:extension:minPinLength":true,"webauthn:extension:prf":true,"webauthn:virtualAuthenticators":true},"sessionId":"6460c596219d6e63211ee71f13bb55c0"}} | headers=HTTPHeaderDict({'Content-Length': '888', 'Content-Type': 'application/json; charset=utf-8', 'cache-control': 'no-cache'})
2025-11-06 18:58:51,695 [DEBUG] Finished Request
2025-11-06 18:58:51,697 [DEBUG] POST http://localhost:50475/session/6460c596219d6e63211ee71f13bb55c0/timeouts {'implicit': 5000}
2025-11-06 18:58:51,763 [DEBUG] http://localhost:50475 "POST /session/6460c596219d6e63211ee71f13bb55c0/timeouts HTTP/1.1" 200 0
2025-11-06 18:58:51,789 [DEBUG] Remote response: status=200 | data={"value":null} | headers=HTTPHeaderDict({'Content-Length': '14', 'Content-Type': 'application/json; charset=utf-8', 'cache-control': 'no-cache'})
2025-11-06 18:58:51,800 [DEBUG] Finished Request
2025-11-06 18:58:51,809 [DEBUG] POST http://localhost:50475/session/6460c596219d6e63211ee71f13bb55c0/url {'url': 'https://accounts.elice.io/accounts/signin/me?continue_to=https%3A%2F%2Fqatrack.elice.io%2Fai-helpy-c...'}
2025-11-06 18:58:53,795 [DEBUG] http://localhost:50475 "POST /session/6460c596219d6e63211ee71f13bb55c0/url HTTP/1.1" 200 0
2025-11-06 18:58:53,826 [DEBUG] Remote response: status=200 | data={"value":null} | headers=HTTPHeaderDict({'Content-Length': '14', 'Content-Type': 'application/json; charset=utf-8', 'cache-control': 'no-cache'})
2025-11-06 18:58:53,847 [DEBUG] Finished Request
2025-11-06 18:58:53,909 [DEBUG] POST http://localhost:50475/session/6460c596219d6e63211ee71f13bb55c0/element {'using': 'css selector', 'value': '[id=":r0:"]'}
2025-11-06 18:58:54,852 [DEBUG] http://localhost:50475 "POST /session/6460c596219d6e63211ee71f13bb55c0/element HTTP/1.1" 200 0
2025-11-06 18:58:54,862 [DEBUG] Remote response: status=200 | data={"value":{"element-6066-11e4-a52e-4f735466cecf":"f.ADAD371FE2D4D9317275E1674A138DC5.d.BA843CA4C2E0C70A6F984B7C7A6D0D04.e.178"}} | headers=HTTPHeaderDict({'Content-Length': '127', 'Content-Type': 'application/json; charset=utf-8', 'cache-control': 'no-cache'})
2025-11-06 18:58:54,877 [DEBUG] Finished Request
2025-11-06 18:58:54,878 [DEBUG] POST http://localhost:50475/session/6460c596219d6e63211ee71f13bb55c0/element/f.ADAD371FE2D4D9317275E1674A138DC5.d.BA843CA4C2E0C70A6F984B7C7A6D0D04.e.178/value {'text': 'wivepam991@fandoe.com', 'value': ['w', 'i', 'v', 'e', 'p', 'a', 'm', '9', '9', '1', '@', 'f', 'a', 'n', 'd', 'o', 'e', '.', 'c', 'o', 'm']}
2025-11-06 18:58:56,414 [DEBUG] http://localhost:50475 "POST /session/6460c596219d6e63211ee71f13bb55c0/element/f.ADAD371FE2D4D9317275E1674A138DC5.d.BA843CA4C2E0C70A6F984B7C7A6D0D04.e.178/value HTTP/1.1" 200 0
2025-11-06 18:58:56,415 [DEBUG] Remote response: status=200 | data={"value":null} | headers=HTTPHeaderDict({'Content-Length': '14', 'Content-Type': 'application/json; charset=utf-8', 'cache-control': 'no-cache'})
2025-11-06 18:58:56,417 [DEBUG] Finished Request
2025-11-06 18:58:56,418 [DEBUG] POST http://localhost:50475/session/6460c596219d6e63211ee71f13bb55c0/element {'using': 'xpath', 'value': '//input[@name="password" and @type="password"]'}
2025-11-06 18:58:56,491 [DEBUG] http://localhost:50475 "POST /session/6460c596219d6e63211ee71f13bb55c0/element HTTP/1.1" 200 0
2025-11-06 18:58:56,493 [DEBUG] Remote response: status=200 | data={"value":{"element-6066-11e4-a52e-4f735466cecf":"f.ADAD371FE2D4D9317275E1674A138DC5.d.BA843CA4C2E0C70A6F984B7C7A6D0D04.e.194"}} | headers=HTTPHeaderDict({'Content-Length': '127', 'Content-Type': 'application/json; charset=utf-8', 'cache-control': 'no-cache'})
2025-11-06 18:58:56,494 [DEBUG] Finished Request
2025-11-06 18:58:56,497 [DEBUG] POST http://localhost:50475/session/6460c596219d6e63211ee71f13bb55c0/execute/sync {'script': '\n    const input = arguments[0];\n    const value = arguments[1];\n    input.focus();\n    const lastVa...', 'args': [{'element-6066-11e4-a52e-4f735466cecf': 'f.ADAD371FE2D4D9317275E1674A138DC5.d.BA843CA4C2E0C70A6F984B7C7A6D0D04.e.194'}, 'password123!']}
2025-11-06 18:58:56,609 [DEBUG] http://localhost:50475 "POST /session/6460c596219d6e63211ee71f13bb55c0/execute/sync HTTP/1.1" 200 0
2025-11-06 18:58:56,613 [DEBUG] Remote response: status=200 | data={"value":null} | headers=HTTPHeaderDict({'Content-Length': '14', 'Content-Type': 'application/json; charset=utf-8', 'cache-control': 'no-cache'})
2025-11-06 18:58:56,618 [DEBUG] Finished Request
2025-11-06 18:58:56,621 [DEBUG] POST http://localhost:50475/session/6460c596219d6e63211ee71f13bb55c0/element {'using': 'css selector', 'value': '[id=":r3:"]'}
2025-11-06 18:58:56,700 [DEBUG] http://localhost:50475 "POST /session/6460c596219d6e63211ee71f13bb55c0/element HTTP/1.1" 200 0
2025-11-06 18:58:56,703 [DEBUG] Remote response: status=200 | data={"value":{"element-6066-11e4-a52e-4f735466cecf":"f.ADAD371FE2D4D9317275E1674A138DC5.d.BA843CA4C2E0C70A6F984B7C7A6D0D04.e.202"}} | headers=HTTPHeaderDict({'Content-Length': '127', 'Content-Type': 'application/json; charset=utf-8', 'cache-control': 'no-cache'})
2025-11-06 18:58:56,705 [DEBUG] Finished Request
2025-11-06 18:58:56,706 [DEBUG] POST http://localhost:50475/session/6460c596219d6e63211ee71f13bb55c0/element/f.ADAD371FE2D4D9317275E1674A138DC5.d.BA843CA4C2E0C70A6F984B7C7A6D0D04.e.202/click {}
2025-11-06 18:58:57,101 [DEBUG] http://localhost:50475 "POST /session/6460c596219d6e63211ee71f13bb55c0/element/f.ADAD371FE2D4D9317275E1674A138DC5.d.BA843CA4C2E0C70A6F984B7C7A6D0D04.e.202/click HTTP/1.1" 200 0
2025-11-06 18:58:57,103 [DEBUG] Remote response: status=200 | data={"value":null} | headers=HTTPHeaderDict({'Content-Length': '14', 'Content-Type': 'application/json; charset=utf-8', 'cache-control': 'no-cache'})
2025-11-06 18:58:57,115 [DEBUG] Finished Request
2025-11-06 18:59:07,116 [DEBUG] GET http://localhost:50475/session/6460c596219d6e63211ee71f13bb55c0/url {}
2025-11-06 18:59:07,139 [DEBUG] http://localhost:50475 "GET /session/6460c596219d6e63211ee71f13bb55c0/url HTTP/1.1" 200 0
2025-11-06 18:59:07,141 [DEBUG] Remote response: status=200 | data={"value":"https://qatrack.elice.io/ai-helpy-chat"} | headers=HTTPHeaderDict({'Content-Length': '50', 'Content-Type': 'application/json; charset=utf-8', 'cache-control': 'no-cache'})
2025-11-06 18:59:07,142 [DEBUG] Finished Request
2025-11-06 18:59:07,145 [DEBUG] DELETE http://localhost:50475/session/6460c596219d6e63211ee71f13bb55c0 {}
2025-11-06 18:59:07,747 [DEBUG] http://localhost:50475 "DELETE /session/6460c596219d6e63211ee71f13bb55c0 HTTP/1.1" 200 0
2025-11-06 18:59:07,763 [DEBUG] Remote response: status=200 | data={"value":null} | headers=HTTPHeaderDict({'Content-Length': '14', 'Content-Type': 'application/json; charset=utf-8', 'cache-control': 'no-cache'})
2025-11-06 18:59:07,765 [DEBUG] Finished Request
2025-11-06 18:59:11,817 [INFO] === 🧾 테스트 세션 종료 ===
