2025-11-06 17:09:31,507 [INFO] === ✅ 전역 로거 설정 완료 ===
2025-11-06 17:09:31,516 [INFO] 테스트 시작
2025-11-06 17:09:32,520 [DEBUG] 중간 단계: sleep 완료
2025-11-06 17:09:32,523 [WARNING] 경고 메시지 예시
2025-11-06 17:09:32,524 [ERROR] 에러 메시지 예시
2025-11-06 17:09:32,529 [INFO] 테스트 종료
2025-11-06 17:09:32,549 [DEBUG] Selenium Manager binary found at: C:\Users\강해리\team2_project\venv\Lib\site-packages\selenium\webdriver\common\windows\selenium-manager.exe
2025-11-06 17:09:32,551 [DEBUG] Executing process: C:\Users\강해리\team2_project\venv\Lib\site-packages\selenium\webdriver\common\windows\selenium-manager.exe --browser chrome --debug --language-binding python --output json
2025-11-06 17:09:33,364 [DEBUG] Sending stats to Plausible: Props { browser: "chrome", browser_version: "", os: "windows", arch: "x86_64", lang: "python", selenium_version: "4.38" }
2025-11-06 17:09:33,366 [DEBUG] chromedriver not found in PATH
2025-11-06 17:09:33,367 [DEBUG] chrome detected at C:\Program Files\Google\Chrome\Application\chrome.exe
2025-11-06 17:09:33,368 [DEBUG] Detected browser: chrome 141.0.7390.125
2025-11-06 17:09:33,369 [DEBUG] Discovering versions from https://googlechromelabs.github.io/chrome-for-testing/known-good-versions-with-downloads.json
2025-11-06 17:09:33,370 [DEBUG] Required driver: chromedriver 141.0.7390.122
2025-11-06 17:09:33,371 [DEBUG] chromedriver 141.0.7390.122 already in the cache
2025-11-06 17:09:33,371 [DEBUG] Driver path: C:\Users\강해리\.cache\selenium\chromedriver\win64\141.0.7390.122\chromedriver.exe
2025-11-06 17:09:33,373 [DEBUG] Browser path: C:\Program Files\Google\Chrome\Application\chrome.exe
2025-11-06 17:09:33,432 [DEBUG] Started executable: `C:\Users\강해리\.cache\selenium\chromedriver\win64\141.0.7390.122\chromedriver.exe` in a child process with pid: 25904 using 0 to output -3
2025-11-06 17:09:33,990 [DEBUG] POST http://localhost:53571/session {'capabilities': {'firstMatch': [{}], 'alwaysMatch': {'browserName': 'chrome', 'pageLoadStrategy': <PageLoadStrategy.normal: 'normal'>, 'browserVersion': None, 'goog:chromeOptions': {'extensions': [], 'binary': 'C:\\Program Files\\Google\\Chrome\\Application\\chrome.exe', 'args': []}}}}
2025-11-06 17:09:33,993 [DEBUG] Starting new HTTP connection (1): localhost:53571
2025-11-06 17:09:37,501 [DEBUG] http://localhost:53571 "POST /session HTTP/1.1" 200 0
2025-11-06 17:09:37,502 [DEBUG] Remote response: status=200 | data={"value":{"capabilities":{"acceptInsecureCerts":false,"browserName":"chrome","browserVersion":"141.0.7390.125","chrome":{"chromedriverVersion":"141.0.7390.122 (b477534e7e10d193e916cd4e2967c589383625b2-refs/branch-heads/7390@{#2667})","userDataDir":"C:\\Users\\강해리\\AppData\\Local\\Temp\\scoped_dir25904_1352429763"},"fedcm:accounts":true,"goog:chromeOptions":{"debuggerAddress":"localhost:53577"},"networkConnectionEnabled":false,"pageLoadStrategy":"normal","platformName":"windows","proxy":{},"setWindowRect":true,"strictFileInteractability":false,"timeouts":{"implicit":0,"pageLoad":300000,"script":30000},"unhandledPromptBehavior":"dismiss and notify","webauthn:extension:credBlob":true,"webauthn:extension:largeBlob":true,"webauthn:extension:minPinLength":true,"webauthn:extension:prf":true,"webauthn:virtualAuthenticators":true},"sessionId":"9a7716167e1687a3c3257bbed65e177b"}} | headers=HTTPHeaderDict({'Content-Length': '888', 'Content-Type': 'application/json; charset=utf-8', 'cache-control': 'no-cache'})
2025-11-06 17:09:37,505 [DEBUG] Finished Request
2025-11-06 17:09:37,508 [DEBUG] POST http://localhost:53571/session/9a7716167e1687a3c3257bbed65e177b/window/maximize {}
2025-11-06 17:09:37,980 [DEBUG] http://localhost:53571 "POST /session/9a7716167e1687a3c3257bbed65e177b/window/maximize HTTP/1.1" 200 0
2025-11-06 17:09:37,982 [DEBUG] Remote response: status=200 | data={"value":{"height":688,"width":1296,"x":-8,"y":-8}} | headers=HTTPHeaderDict({'Content-Length': '51', 'Content-Type': 'application/json; charset=utf-8', 'cache-control': 'no-cache'})
2025-11-06 17:09:37,983 [DEBUG] Finished Request
2025-11-06 17:09:37,984 [DEBUG] POST http://localhost:53571/session/9a7716167e1687a3c3257bbed65e177b/timeouts {'implicit': 5000}
2025-11-06 17:09:38,019 [DEBUG] http://localhost:53571 "POST /session/9a7716167e1687a3c3257bbed65e177b/timeouts HTTP/1.1" 200 0
2025-11-06 17:09:38,021 [DEBUG] Remote response: status=200 | data={"value":null} | headers=HTTPHeaderDict({'Content-Length': '14', 'Content-Type': 'application/json; charset=utf-8', 'cache-control': 'no-cache'})
2025-11-06 17:09:38,027 [DEBUG] Finished Request
2025-11-06 17:09:38,030 [DEBUG] POST http://localhost:53571/session/9a7716167e1687a3c3257bbed65e177b/url {'url': 'https://accounts.elice.io/accounts/signin/me?continue_to=https%3A%2F%2Fqatrack.elice.io%2Fai-helpy-c...'}
2025-11-06 17:09:40,579 [DEBUG] http://localhost:53571 "POST /session/9a7716167e1687a3c3257bbed65e177b/url HTTP/1.1" 200 0
2025-11-06 17:09:40,580 [DEBUG] Remote response: status=200 | data={"value":null} | headers=HTTPHeaderDict({'Content-Length': '14', 'Content-Type': 'application/json; charset=utf-8', 'cache-control': 'no-cache'})
2025-11-06 17:09:40,582 [DEBUG] Finished Request
2025-11-06 17:09:40,584 [DEBUG] POST http://localhost:53571/session/9a7716167e1687a3c3257bbed65e177b/element {'using': 'xpath', 'value': '//input[@type="email" or @id=":r0:"]'}
2025-11-06 17:09:42,622 [DEBUG] http://localhost:53571 "POST /session/9a7716167e1687a3c3257bbed65e177b/element HTTP/1.1" 200 0
2025-11-06 17:09:42,623 [DEBUG] Remote response: status=200 | data={"value":{"element-6066-11e4-a52e-4f735466cecf":"f.EE06A840BBC7462005A536B0C969D16D.d.84A34ED02BFD811C1BD010DAD844575D.e.172"}} | headers=HTTPHeaderDict({'Content-Length': '127', 'Content-Type': 'application/json; charset=utf-8', 'cache-control': 'no-cache'})
2025-11-06 17:09:42,624 [DEBUG] Finished Request
2025-11-06 17:09:42,626 [DEBUG] POST http://localhost:53571/session/9a7716167e1687a3c3257bbed65e177b/element/f.EE06A840BBC7462005A536B0C969D16D.d.84A34ED02BFD811C1BD010DAD844575D.e.172/click {}
2025-11-06 17:09:44,205 [DEBUG] http://localhost:53571 "POST /session/9a7716167e1687a3c3257bbed65e177b/element/f.EE06A840BBC7462005A536B0C969D16D.d.84A34ED02BFD811C1BD010DAD844575D.e.172/click HTTP/1.1" 200 0
2025-11-06 17:09:44,207 [DEBUG] Remote response: status=200 | data={"value":null} | headers=HTTPHeaderDict({'Content-Length': '14', 'Content-Type': 'application/json; charset=utf-8', 'cache-control': 'no-cache'})
2025-11-06 17:09:44,208 [DEBUG] Finished Request
2025-11-06 17:09:44,209 [DEBUG] POST http://localhost:53571/session/9a7716167e1687a3c3257bbed65e177b/element/f.EE06A840BBC7462005A536B0C969D16D.d.84A34ED02BFD811C1BD010DAD844575D.e.172/value {'text': 'wivepam991@fandoe.com', 'value': ['w', 'i', 'v', 'e', 'p', 'a', 'm', '9', '9', '1', '@', 'f', 'a', 'n', 'd', 'o', 'e', '.', 'c', 'o', 'm']}
2025-11-06 17:09:44,753 [DEBUG] http://localhost:53571 "POST /session/9a7716167e1687a3c3257bbed65e177b/element/f.EE06A840BBC7462005A536B0C969D16D.d.84A34ED02BFD811C1BD010DAD844575D.e.172/value HTTP/1.1" 200 0
2025-11-06 17:09:44,756 [DEBUG] Remote response: status=200 | data={"value":null} | headers=HTTPHeaderDict({'Content-Length': '14', 'Content-Type': 'application/json; charset=utf-8', 'cache-control': 'no-cache'})
2025-11-06 17:09:44,757 [DEBUG] Finished Request
2025-11-06 17:09:44,758 [DEBUG] POST http://localhost:53571/session/9a7716167e1687a3c3257bbed65e177b/element {'using': 'xpath', 'value': '//input[@name="password" and @type="password"]'}
2025-11-06 17:09:44,851 [DEBUG] http://localhost:53571 "POST /session/9a7716167e1687a3c3257bbed65e177b/element HTTP/1.1" 200 0
2025-11-06 17:09:44,852 [DEBUG] Remote response: status=200 | data={"value":{"element-6066-11e4-a52e-4f735466cecf":"f.EE06A840BBC7462005A536B0C969D16D.d.84A34ED02BFD811C1BD010DAD844575D.e.188"}} | headers=HTTPHeaderDict({'Content-Length': '127', 'Content-Type': 'application/json; charset=utf-8', 'cache-control': 'no-cache'})
2025-11-06 17:09:44,853 [DEBUG] Finished Request
2025-11-06 17:09:44,855 [DEBUG] POST http://localhost:53571/session/9a7716167e1687a3c3257bbed65e177b/execute/sync {'script': '\n    const input = arguments[0];\n    const value = arguments[1];\n    input.focus();\n    const lastVa...', 'args': [{'element-6066-11e4-a52e-4f735466cecf': 'f.EE06A840BBC7462005A536B0C969D16D.d.84A34ED02BFD811C1BD010DAD844575D.e.188'}, 'password123!']}
2025-11-06 17:09:44,965 [DEBUG] http://localhost:53571 "POST /session/9a7716167e1687a3c3257bbed65e177b/execute/sync HTTP/1.1" 200 0
2025-11-06 17:09:44,966 [DEBUG] Remote response: status=200 | data={"value":null} | headers=HTTPHeaderDict({'Content-Length': '14', 'Content-Type': 'application/json; charset=utf-8', 'cache-control': 'no-cache'})
2025-11-06 17:09:44,968 [DEBUG] Finished Request
2025-11-06 17:09:44,969 [DEBUG] POST http://localhost:53571/session/9a7716167e1687a3c3257bbed65e177b/element {'using': 'xpath', 'value': '//button[@type="submit" or @id=":r3:"]'}
2025-11-06 17:09:45,099 [DEBUG] http://localhost:53571 "POST /session/9a7716167e1687a3c3257bbed65e177b/element HTTP/1.1" 200 0
2025-11-06 17:09:45,100 [DEBUG] Remote response: status=200 | data={"value":{"element-6066-11e4-a52e-4f735466cecf":"f.EE06A840BBC7462005A536B0C969D16D.d.84A34ED02BFD811C1BD010DAD844575D.e.196"}} | headers=HTTPHeaderDict({'Content-Length': '127', 'Content-Type': 'application/json; charset=utf-8', 'cache-control': 'no-cache'})
2025-11-06 17:09:45,101 [DEBUG] Finished Request
2025-11-06 17:09:45,102 [DEBUG] POST http://localhost:53571/session/9a7716167e1687a3c3257bbed65e177b/element/f.EE06A840BBC7462005A536B0C969D16D.d.84A34ED02BFD811C1BD010DAD844575D.e.196/click {}
2025-11-06 17:09:45,568 [DEBUG] http://localhost:53571 "POST /session/9a7716167e1687a3c3257bbed65e177b/element/f.EE06A840BBC7462005A536B0C969D16D.d.84A34ED02BFD811C1BD010DAD844575D.e.196/click HTTP/1.1" 200 0
2025-11-06 17:09:45,569 [DEBUG] Remote response: status=200 | data={"value":null} | headers=HTTPHeaderDict({'Content-Length': '14', 'Content-Type': 'application/json; charset=utf-8', 'cache-control': 'no-cache'})
2025-11-06 17:09:45,570 [DEBUG] Finished Request
2025-11-06 17:09:55,574 [DEBUG] GET http://localhost:53571/session/9a7716167e1687a3c3257bbed65e177b/url {}
2025-11-06 17:09:55,972 [DEBUG] http://localhost:53571 "GET /session/9a7716167e1687a3c3257bbed65e177b/url HTTP/1.1" 200 0
2025-11-06 17:09:55,973 [DEBUG] Remote response: status=200 | data={"value":"https://qatrack.elice.io/ai-helpy-chat"} | headers=HTTPHeaderDict({'Content-Length': '50', 'Content-Type': 'application/json; charset=utf-8', 'cache-control': 'no-cache'})
2025-11-06 17:09:55,975 [DEBUG] Finished Request
2025-11-06 17:09:55,979 [DEBUG] DELETE http://localhost:53571/session/9a7716167e1687a3c3257bbed65e177b {}
2025-11-06 17:10:05,620 [DEBUG] http://localhost:53571 "DELETE /session/9a7716167e1687a3c3257bbed65e177b HTTP/1.1" 200 0
2025-11-06 17:10:05,622 [DEBUG] Remote response: status=200 | data={"value":null} | headers=HTTPHeaderDict({'Content-Length': '14', 'Content-Type': 'application/json; charset=utf-8', 'cache-control': 'no-cache'})
2025-11-06 17:10:05,626 [DEBUG] Finished Request
2025-11-06 17:10:08,130 [INFO] === 🧾 테스트 세션 종료 ===
